-------------------------------------------------------------------------------
Test set: com.example.demo.DemoApplicationTests
-------------------------------------------------------------------------------
Tests run: 1, Failures: 0, Errors: 1, Skipped: 0, Time elapsed: 3.391 s <<< FAILURE! - in com.example.demo.DemoApplicationTests
contextLoads  Time elapsed: 0.004 s  <<< ERROR!
java.lang.IllegalStateException: Failed to load ApplicationContext
Caused by: org.springframework.beans.factory.BeanCreationException: Error creating bean with name 'entityManagerFactory' defined in class path resource [org/springframework/boot/autoconfigure/orm/jpa/HibernateJpaConfiguration.class]: Invocation of init method failed; nested exception is java.lang.NoSuchMethodError: javax.persistence.spi.PersistenceUnitInfo.getValidationMode()Ljavax/persistence/ValidationMode;
Caused by: java.lang.NoSuchMethodError: javax.persistence.spi.PersistenceUnitInfo.getValidationMode()Ljavax/persistence/ValidationMode;

